2018-03-09 17:15:58,705 - train.log - INFO - Reading model parameters from ckpt_IDCNN/ner.ckpt
2018-03-09 17:23:53,409 - train.log - INFO - Reading model parameters from ckpt_IDCNN/ner.ckpt
2018-03-09 17:24:13,594 - train.log - INFO - Reading model parameters from ckpt/ner.ckpt
2018-03-09 17:28:13,492 - train.log - INFO - Reading model parameters from ckpt_IDCNN/ner.ckpt
2018-03-09 17:33:03,911 - train.log - INFO - Reading model parameters from ckpt/ner.ckpt
2018-03-09 17:49:57,852 - train.log - INFO - Reading model parameters from ckpt_IDCNN/ner.ckpt
2018-03-09 21:14:08,259 - train.log - INFO - Reading model parameters from ckpt_IDCNN/ner.ckpt
2018-03-09 21:21:57,724 - train.log - INFO - Reading model parameters from ckpt_IDCNN/ner.ckpt
2018-03-12 11:58:26,432 - train.log - INFO - Reading model parameters from ckpt_IDCNN/ner.ckpt
2018-03-12 12:00:51,139 - train.log - INFO - Reading model parameters from ckpt_IDCNN/ner.ckpt
2018-03-12 12:09:48,701 - train.log - INFO - Reading model parameters from ckpt_IDCNN/ner.ckpt
2018-03-16 19:25:20,406 - train.log - INFO - Reading model parameters from ckpt_IDCNN/ner.ckpt
2018-03-18 17:23:26,288 - train.log - INFO - Reading model parameters from ckpt_IDCNN/ner.ckpt
2018-03-18 17:33:38,561 - train.log - INFO - Reading model parameters from ckpt_IDCNN/ner.ckpt
2018-03-18 17:36:50,175 - train.log - INFO - Reading model parameters from ckpt_IDCNN/ner.ckpt
2018-03-18 17:42:17,975 - train.log - INFO - Reading model parameters from ckpt_IDCNN/ner.ckpt
2018-03-18 17:42:52,363 - train.log - INFO - Reading model parameters from ckpt_IDCNN/ner.ckpt
2018-03-18 17:43:13,938 - train.log - INFO - Reading model parameters from ckpt_IDCNN/ner.ckpt
2018-03-18 18:34:43,402 - /root/myPython/RelationExtraction/NER_IDCNN_CRF/train.log - INFO - Reading model parameters from /root/myPython/RelationExtraction/NER_IDCNN_CRF/ckpt_IDCNN/ner.ckpt
2018-03-18 18:36:30,535 - /root/myPython/RelationExtraction/NER_IDCNN_CRF/train.log - INFO - Reading model parameters from /root/myPython/RelationExtraction/NER_IDCNN_CRF/ckpt_IDCNN/ner.ckpt
2018-03-18 19:09:40,342 - /root/myPython/RelationExtraction/NER_IDCNN_CRF/train.log - INFO - Reading model parameters from /root/myPython/RelationExtraction/NER_IDCNN_CRF/ckpt_IDCNN/ner.ckpt
2018-03-18 19:18:07,994 - /root/myPython/RelationExtraction/NER_IDCNN_CRF/train.log - INFO - Reading model parameters from /root/myPython/RelationExtraction/NER_IDCNN_CRF/ckpt_IDCNN/ner.ckpt
2018-03-18 19:18:40,091 - /root/myPython/RelationExtraction/NER_IDCNN_CRF/train.log - INFO - Reading model parameters from /root/myPython/RelationExtraction/NER_IDCNN_CRF/ckpt_IDCNN/ner.ckpt
2018-03-18 19:20:34,167 - /root/myPython/RelationExtraction/NER_IDCNN_CRF/train.log - INFO - Reading model parameters from /root/myPython/RelationExtraction/NER_IDCNN_CRF/ckpt_IDCNN/ner.ckpt
2018-03-18 19:22:55,853 - /root/myPython/RelationExtraction/NER_IDCNN_CRF/train.log - INFO - Reading model parameters from /root/myPython/RelationExtraction/NER_IDCNN_CRF/ckpt_IDCNN/ner.ckpt
2018-03-18 19:28:03,852 - /root/myPython/RelationExtraction/NER_IDCNN_CRF/train.log - INFO - Reading model parameters from /root/myPython/RelationExtraction/NER_IDCNN_CRF/ckpt_IDCNN/ner.ckpt
2018-03-18 19:31:11,146 - /root/myPython/RelationExtraction/NER_IDCNN_CRF/train.log - INFO - Reading model parameters from /root/myPython/RelationExtraction/NER_IDCNN_CRF/ckpt_IDCNN/ner.ckpt
2018-03-18 19:31:53,594 - /root/myPython/RelationExtraction/NER_IDCNN_CRF/train.log - INFO - Reading model parameters from /root/myPython/RelationExtraction/NER_IDCNN_CRF/ckpt_IDCNN/ner.ckpt
2018-03-18 19:32:49,523 - /root/myPython/RelationExtraction/NER_IDCNN_CRF/train.log - INFO - Reading model parameters from /root/myPython/RelationExtraction/NER_IDCNN_CRF/ckpt_IDCNN/ner.ckpt
2018-03-19 08:56:04,546 - /root/myPython/RelationExtraction/NER_IDCNN_CRF/train.log - INFO - Reading model parameters from /root/myPython/RelationExtraction/NER_IDCNN_CRF/ckpt_IDCNN/ner.ckpt
2018-03-19 08:59:23,691 - train.log - INFO - Reading model parameters from ckpt_IDCNN/ner.ckpt
2018-03-19 09:20:36,617 - /root/myPython/RelationExtraction/NER_IDCNN_CRF/train.log - INFO - Reading model parameters from /root/myPython/RelationExtraction/NER_IDCNN_CRF/ckpt_IDCNN/ner.ckpt
2018-03-19 09:49:57,309 - /root/myPython/RelationExtraction/NER_IDCNN_CRF/train.log - INFO - Reading model parameters from /root/myPython/RelationExtraction/NER_IDCNN_CRF/ckpt_IDCNN/ner.ckpt
2018-03-19 10:07:46,089 - /root/myPython/RelationExtraction/NER_IDCNN_CRF/train.log - INFO - Reading model parameters from /root/myPython/RelationExtraction/NER_IDCNN_CRF/ckpt_IDCNN/ner.ckpt
2018-03-19 10:13:50,636 - /root/myPython/RelationExtraction/NER_IDCNN_CRF/train.log - INFO - Reading model parameters from /root/myPython/RelationExtraction/NER_IDCNN_CRF/ckpt_IDCNN/ner.ckpt
2018-03-19 10:27:44,153 - /root/myPython/RelationExtraction/NER_IDCNN_CRF/train.log - INFO - Reading model parameters from /root/myPython/RelationExtraction/NER_IDCNN_CRF/ckpt_IDCNN/ner.ckpt
2018-03-19 10:29:37,252 - /root/myPython/RelationExtraction/NER_IDCNN_CRF/train.log - INFO - Reading model parameters from /root/myPython/RelationExtraction/NER_IDCNN_CRF/ckpt_IDCNN/ner.ckpt
2018-03-19 10:49:32,527 - /root/myPython/RelationExtraction/NER_IDCNN_CRF/train.log - INFO - Reading model parameters from /root/myPython/RelationExtraction/NER_IDCNN_CRF/ckpt_IDCNN/ner.ckpt
2018-03-19 10:50:19,666 - /root/myPython/RelationExtraction/NER_IDCNN_CRF/train.log - INFO - Reading model parameters from /root/myPython/RelationExtraction/NER_IDCNN_CRF/ckpt_IDCNN/ner.ckpt
2018-03-19 10:53:49,242 - /root/myPython/RelationExtraction/NER_IDCNN_CRF/train.log - INFO - Reading model parameters from /root/myPython/RelationExtraction/NER_IDCNN_CRF/ckpt_IDCNN/ner.ckpt
2018-03-19 10:57:07,131 - /root/myPython/RelationExtraction/NER_IDCNN_CRF/train.log - INFO - Reading model parameters from /root/myPython/RelationExtraction/NER_IDCNN_CRF/ckpt_IDCNN/ner.ckpt
2018-03-19 11:00:49,088 - /root/myPython/RelationExtraction/NER_IDCNN_CRF/train.log - INFO - Reading model parameters from /root/myPython/RelationExtraction/NER_IDCNN_CRF/ckpt_IDCNN/ner.ckpt
2018-03-19 11:26:14,634 - /root/myPython/RelationExtraction/NER_IDCNN_CRF/train.log - INFO - Reading model parameters from /root/myPython/RelationExtraction/NER_IDCNN_CRF/ckpt_IDCNN/ner.ckpt
2018-03-19 11:29:56,502 - /root/myPython/RelationExtraction/NER_IDCNN_CRF/train.log - INFO - Reading model parameters from /root/myPython/RelationExtraction/NER_IDCNN_CRF/ckpt_IDCNN/ner.ckpt
2018-03-19 12:14:52,645 - /root/myPython/RelationExtraction/NER_IDCNN_CRF/train.log - INFO - Reading model parameters from /root/myPython/RelationExtraction/NER_IDCNN_CRF/ckpt_IDCNN/ner.ckpt
2018-03-19 13:20:59,402 - /root/myPython/RelationExtraction/NER_IDCNN_CRF/train.log - INFO - Reading model parameters from /root/myPython/RelationExtraction/NER_IDCNN_CRF/ckpt_IDCNN/ner.ckpt
2018-03-19 13:35:59,346 - /root/myPython/RelationExtraction/NER_IDCNN_CRF/train.log - INFO - Reading model parameters from /root/myPython/RelationExtraction/NER_IDCNN_CRF/ckpt_IDCNN/ner.ckpt
2018-03-19 13:37:08,405 - /root/myPython/RelationExtraction/NER_IDCNN_CRF/train.log - INFO - Reading model parameters from /root/myPython/RelationExtraction/NER_IDCNN_CRF/ckpt_IDCNN/ner.ckpt
2018-03-19 13:42:39,674 - /root/myPython/RelationExtraction/NER_IDCNN_CRF/train.log - INFO - Reading model parameters from /root/myPython/RelationExtraction/NER_IDCNN_CRF/ckpt_IDCNN/ner.ckpt
2018-03-19 13:48:06,434 - /root/myPython/RelationExtraction/NER_IDCNN_CRF/train.log - INFO - Reading model parameters from /root/myPython/RelationExtraction/NER_IDCNN_CRF/ckpt_IDCNN/ner.ckpt
2018-03-19 13:49:38,511 - /root/myPython/RelationExtraction/NER_IDCNN_CRF/train.log - INFO - Reading model parameters from /root/myPython/RelationExtraction/NER_IDCNN_CRF/ckpt_IDCNN/ner.ckpt
2018-03-19 13:50:26,299 - /root/myPython/RelationExtraction/NER_IDCNN_CRF/train.log - INFO - Reading model parameters from /root/myPython/RelationExtraction/NER_IDCNN_CRF/ckpt_IDCNN/ner.ckpt
2018-03-19 13:52:01,152 - /root/myPython/RelationExtraction/NER_IDCNN_CRF/train.log - INFO - Reading model parameters from /root/myPython/RelationExtraction/NER_IDCNN_CRF/ckpt_IDCNN/ner.ckpt
2018-03-19 13:52:06,331 - /root/myPython/RelationExtraction/NER_IDCNN_CRF/train.log - INFO - Reading model parameters from /root/myPython/RelationExtraction/NER_IDCNN_CRF/ckpt_IDCNN/ner.ckpt
2018-03-19 13:52:06,331 - /root/myPython/RelationExtraction/NER_IDCNN_CRF/train.log - INFO - Reading model parameters from /root/myPython/RelationExtraction/NER_IDCNN_CRF/ckpt_IDCNN/ner.ckpt
2018-03-19 13:59:13,172 - /root/myPython/RelationExtraction/NER_IDCNN_CRF/train.log - INFO - Reading model parameters from /root/myPython/RelationExtraction/NER_IDCNN_CRF/ckpt_IDCNN/ner.ckpt
2018-03-19 13:59:18,348 - /root/myPython/RelationExtraction/NER_IDCNN_CRF/train.log - INFO - Reading model parameters from /root/myPython/RelationExtraction/NER_IDCNN_CRF/ckpt_IDCNN/ner.ckpt
2018-03-19 13:59:18,348 - /root/myPython/RelationExtraction/NER_IDCNN_CRF/train.log - INFO - Reading model parameters from /root/myPython/RelationExtraction/NER_IDCNN_CRF/ckpt_IDCNN/ner.ckpt
2018-03-19 14:07:54,455 - /root/myPython/RelationExtraction/NER_IDCNN_CRF/train.log - INFO - Reading model parameters from /root/myPython/RelationExtraction/NER_IDCNN_CRF/ckpt_IDCNN/ner.ckpt
2018-03-19 14:07:59,310 - /root/myPython/RelationExtraction/NER_IDCNN_CRF/train.log - INFO - Reading model parameters from /root/myPython/RelationExtraction/NER_IDCNN_CRF/ckpt_IDCNN/ner.ckpt
2018-03-19 14:07:59,310 - /root/myPython/RelationExtraction/NER_IDCNN_CRF/train.log - INFO - Reading model parameters from /root/myPython/RelationExtraction/NER_IDCNN_CRF/ckpt_IDCNN/ner.ckpt
2018-03-19 14:17:32,954 - /root/myPython/RelationExtraction/NER_IDCNN_CRF/train.log - INFO - Reading model parameters from /root/myPython/RelationExtraction/NER_IDCNN_CRF/ckpt_IDCNN/ner.ckpt
2018-03-19 14:17:37,980 - /root/myPython/RelationExtraction/NER_IDCNN_CRF/train.log - INFO - Reading model parameters from /root/myPython/RelationExtraction/NER_IDCNN_CRF/ckpt_IDCNN/ner.ckpt
2018-03-19 14:17:37,980 - /root/myPython/RelationExtraction/NER_IDCNN_CRF/train.log - INFO - Reading model parameters from /root/myPython/RelationExtraction/NER_IDCNN_CRF/ckpt_IDCNN/ner.ckpt
2018-03-19 14:23:04,548 - /root/myPython/RelationExtraction/NER_IDCNN_CRF/train.log - INFO - Reading model parameters from /root/myPython/RelationExtraction/NER_IDCNN_CRF/ckpt_IDCNN/ner.ckpt
2018-03-19 14:23:09,358 - /root/myPython/RelationExtraction/NER_IDCNN_CRF/train.log - INFO - Reading model parameters from /root/myPython/RelationExtraction/NER_IDCNN_CRF/ckpt_IDCNN/ner.ckpt
2018-03-19 14:23:09,358 - /root/myPython/RelationExtraction/NER_IDCNN_CRF/train.log - INFO - Reading model parameters from /root/myPython/RelationExtraction/NER_IDCNN_CRF/ckpt_IDCNN/ner.ckpt
2018-03-19 14:26:56,618 - /root/myPython/RelationExtraction/NER_IDCNN_CRF/train.log - INFO - Reading model parameters from /root/myPython/RelationExtraction/NER_IDCNN_CRF/ckpt_IDCNN/ner.ckpt
2018-03-19 14:27:01,535 - /root/myPython/RelationExtraction/NER_IDCNN_CRF/train.log - INFO - Reading model parameters from /root/myPython/RelationExtraction/NER_IDCNN_CRF/ckpt_IDCNN/ner.ckpt
2018-03-19 14:27:01,535 - /root/myPython/RelationExtraction/NER_IDCNN_CRF/train.log - INFO - Reading model parameters from /root/myPython/RelationExtraction/NER_IDCNN_CRF/ckpt_IDCNN/ner.ckpt
2018-03-19 14:40:04,303 - /root/myPython/RelationExtraction/NER_IDCNN_CRF/train.log - INFO - Reading model parameters from /root/myPython/RelationExtraction/NER_IDCNN_CRF/ckpt_IDCNN/ner.ckpt
2018-03-19 14:40:09,119 - /root/myPython/RelationExtraction/NER_IDCNN_CRF/train.log - INFO - Reading model parameters from /root/myPython/RelationExtraction/NER_IDCNN_CRF/ckpt_IDCNN/ner.ckpt
2018-03-19 14:40:09,119 - /root/myPython/RelationExtraction/NER_IDCNN_CRF/train.log - INFO - Reading model parameters from /root/myPython/RelationExtraction/NER_IDCNN_CRF/ckpt_IDCNN/ner.ckpt
2018-03-19 15:36:32,574 - /root/myPython/RelationExtraction/NER_IDCNN_CRF/train.log - INFO - Reading model parameters from /root/myPython/RelationExtraction/NER_IDCNN_CRF/ckpt_IDCNN/ner.ckpt
2018-03-19 15:37:09,461 - /root/myPython/RelationExtraction/NER_IDCNN_CRF/train.log - INFO - Reading model parameters from /root/myPython/RelationExtraction/NER_IDCNN_CRF/ckpt_IDCNN/ner.ckpt
2018-03-19 15:38:39,760 - /root/myPython/RelationExtraction/NER_IDCNN_CRF/train.log - INFO - Reading model parameters from /root/myPython/RelationExtraction/NER_IDCNN_CRF/ckpt_IDCNN/ner.ckpt
2018-03-19 15:38:44,981 - /root/myPython/RelationExtraction/NER_IDCNN_CRF/train.log - INFO - Reading model parameters from /root/myPython/RelationExtraction/NER_IDCNN_CRF/ckpt_IDCNN/ner.ckpt
2018-03-19 15:38:44,981 - /root/myPython/RelationExtraction/NER_IDCNN_CRF/train.log - INFO - Reading model parameters from /root/myPython/RelationExtraction/NER_IDCNN_CRF/ckpt_IDCNN/ner.ckpt
2018-03-19 15:41:41,111 - /root/myPython/RelationExtraction/NER_IDCNN_CRF/train.log - INFO - Reading model parameters from /root/myPython/RelationExtraction/NER_IDCNN_CRF/ckpt_IDCNN/ner.ckpt
2018-03-19 15:47:00,964 - train.log - INFO - Reading model parameters from ckpt_IDCNN/ner.ckpt
2018-03-19 16:05:04,046 - /root/myPython/RelationExtraction/NER_IDCNN_CRF/train.log - INFO - Reading model parameters from /root/myPython/RelationExtraction/NER_IDCNN_CRF/ckpt_IDCNN/ner.ckpt
2018-03-19 16:09:12,548 - /root/myPython/RelationExtraction/NER_IDCNN_CRF/train.log - INFO - Reading model parameters from /root/myPython/RelationExtraction/NER_IDCNN_CRF/ckpt_IDCNN/ner.ckpt
2018-03-19 16:09:17,300 - /root/myPython/RelationExtraction/NER_IDCNN_CRF/train.log - INFO - Reading model parameters from /root/myPython/RelationExtraction/NER_IDCNN_CRF/ckpt_IDCNN/ner.ckpt
2018-03-19 16:09:17,300 - /root/myPython/RelationExtraction/NER_IDCNN_CRF/train.log - INFO - Reading model parameters from /root/myPython/RelationExtraction/NER_IDCNN_CRF/ckpt_IDCNN/ner.ckpt
2018-03-19 16:17:51,958 - train.log - INFO - Reading model parameters from ckpt_IDCNN/ner.ckpt
2018-03-19 16:18:28,852 - train.log - INFO - Reading model parameters from ckpt_IDCNN/ner.ckpt
2018-03-19 16:18:30,165 - train.log - INFO - Reading model parameters from ckpt_IDCNN/ner.ckpt
2018-03-19 16:18:30,165 - train.log - INFO - Reading model parameters from ckpt_IDCNN/ner.ckpt
2018-03-19 16:19:04,922 - train.log - INFO - Reading model parameters from ckpt_IDCNN/ner.ckpt
2018-03-19 16:19:06,165 - train.log - INFO - Reading model parameters from ckpt_IDCNN/ner.ckpt
2018-03-19 16:19:06,165 - train.log - INFO - Reading model parameters from ckpt_IDCNN/ner.ckpt
2018-03-19 16:31:19,774 - train.log - INFO - Reading model parameters from ckpt_IDCNN/ner.ckpt
2018-03-19 16:32:34,523 - train.log - INFO - Reading model parameters from ckpt_IDCNN/ner.ckpt
2018-03-19 16:32:35,782 - train.log - INFO - Reading model parameters from ckpt_IDCNN/ner.ckpt
2018-03-19 16:32:35,782 - train.log - INFO - Reading model parameters from ckpt_IDCNN/ner.ckpt
2018-03-19 17:23:10,313 - train.log - INFO - Reading model parameters from ckpt_IDCNN/ner.ckpt
2018-03-19 17:34:13,244 - /root/myPython/RelationExtraction/NER_IDCNN_CRF/train.log - INFO - Reading model parameters from /root/myPython/RelationExtraction/NER_IDCNN_CRF/ckpt_IDCNN/ner.ckpt
2018-03-19 17:36:19,970 - /root/myPython/RelationExtraction/NER_IDCNN_CRF/train.log - INFO - Reading model parameters from /root/myPython/RelationExtraction/NER_IDCNN_CRF/ckpt_IDCNN/ner.ckpt
2018-03-19 17:40:52,634 - /root/myPython/RelationExtraction/NER_IDCNN_CRF/train.log - INFO - Reading model parameters from /root/myPython/RelationExtraction/NER_IDCNN_CRF/ckpt_IDCNN/ner.ckpt
2018-03-19 17:59:29,432 - /root/myPython/RelationExtraction/NER_IDCNN_CRF/train.log - INFO - Reading model parameters from /root/myPython/RelationExtraction/NER_IDCNN_CRF/ckpt_IDCNN/ner.ckpt
2018-03-19 18:05:11,830 - /root/myPython/RelationExtraction/NER_IDCNN_CRF/train.log - INFO - Reading model parameters from /root/myPython/RelationExtraction/NER_IDCNN_CRF/ckpt_IDCNN/ner.ckpt
2018-03-19 18:33:47,411 - /root/myPython/RelationExtraction/NER_IDCNN_CRF/train.log - INFO - Reading model parameters from /root/myPython/RelationExtraction/NER_IDCNN_CRF/ckpt_IDCNN/ner.ckpt
2018-03-19 18:49:34,054 - /root/myPython/RelationExtraction/NER_IDCNN_CRF/train.log - INFO - Reading model parameters from /root/myPython/RelationExtraction/NER_IDCNN_CRF/ckpt_IDCNN/ner.ckpt
2018-03-19 20:38:13,447 - /root/myPython/RelationExtraction/NER_IDCNN_CRF/train.log - INFO - Reading model parameters from /root/myPython/RelationExtraction/NER_IDCNN_CRF/ckpt_IDCNN/ner.ckpt
2018-03-19 20:57:08,838 - /root/myPython/RelationExtraction/NER_IDCNN_CRF/train.log - INFO - Reading model parameters from /root/myPython/RelationExtraction/NER_IDCNN_CRF/ckpt_IDCNN/ner.ckpt
2018-03-19 22:27:18,801 - train.log - INFO - Reading model parameters from ckpt_IDCNN/ner.ckpt
2018-03-19 22:28:52,998 - train.log - INFO - Reading model parameters from ckpt_IDCNN/ner.ckpt
2018-03-19 23:14:40,295 - /root/myPython/RelationExtraction/NER_IDCNN_CRF/train.log - INFO - Reading model parameters from /root/myPython/RelationExtraction/NER_IDCNN_CRF/ckpt_IDCNN/ner.ckpt
2018-03-19 23:16:49,707 - /root/myPython/RelationExtraction/NER_IDCNN_CRF/train.log - INFO - Reading model parameters from /root/myPython/RelationExtraction/NER_IDCNN_CRF/ckpt_IDCNN/ner.ckpt
2018-03-19 23:18:59,462 - /root/myPython/RelationExtraction/NER_IDCNN_CRF/train.log - INFO - Reading model parameters from /root/myPython/RelationExtraction/NER_IDCNN_CRF/ckpt_IDCNN/ner.ckpt
2018-03-19 23:25:41,203 - /root/myPython/RelationExtraction/NER_IDCNN_CRF/train.log - INFO - Created model with fresh parameters.
2018-03-19 23:27:07,794 - /root/myPython/RelationExtraction/NER_IDCNN_CRF/train.log - INFO - Reading model parameters from /root/myPython/RelationExtraction/NER_IDCNN_CRF/ckpt_IDCNN/ner.ckpt
2018-03-20 08:22:24,067 - /root/myPython/RelationExtraction/NER_IDCNN_CRF/train.log - INFO - Reading model parameters from /root/myPython/RelationExtraction/NER_IDCNN_CRF/ckpt_IDCNN/ner.ckpt
2018-03-20 08:24:28,745 - /root/myPython/RelationExtraction/NER_IDCNN_CRF/train.log - INFO - Reading model parameters from /root/myPython/RelationExtraction/NER_IDCNN_CRF/ckpt_IDCNN/ner.ckpt
2018-03-20 08:25:01,180 - /root/myPython/RelationExtraction/NER_IDCNN_CRF/train.log - INFO - Reading model parameters from /root/myPython/RelationExtraction/NER_IDCNN_CRF/ckpt_IDCNN/ner.ckpt
2018-03-20 08:25:29,626 - /root/myPython/RelationExtraction/NER_IDCNN_CRF/train.log - INFO - Reading model parameters from /root/myPython/RelationExtraction/NER_IDCNN_CRF/ckpt_IDCNN/ner.ckpt
2018-03-20 08:26:00,115 - /root/myPython/RelationExtraction/NER_IDCNN_CRF/train.log - INFO - Reading model parameters from /root/myPython/RelationExtraction/NER_IDCNN_CRF/ckpt_IDCNN/ner.ckpt
2018-03-20 08:26:44,846 - /root/myPython/RelationExtraction/NER_IDCNN_CRF/train.log - INFO - Reading model parameters from /root/myPython/RelationExtraction/NER_IDCNN_CRF/ckpt_IDCNN/ner.ckpt
2018-03-20 08:26:49,476 - /root/myPython/RelationExtraction/NER_IDCNN_CRF/train.log - INFO - Reading model parameters from /root/myPython/RelationExtraction/NER_IDCNN_CRF/ckpt_IDCNN/ner.ckpt
2018-03-20 08:26:49,476 - /root/myPython/RelationExtraction/NER_IDCNN_CRF/train.log - INFO - Reading model parameters from /root/myPython/RelationExtraction/NER_IDCNN_CRF/ckpt_IDCNN/ner.ckpt
2018-03-20 09:41:04,697 - /root/myPython/RelationExtraction/NER_IDCNN_CRF/train.log - INFO - Reading model parameters from /root/myPython/RelationExtraction/NER_IDCNN_CRF/ckpt_IDCNN/ner.ckpt
2018-03-20 09:41:09,540 - /root/myPython/RelationExtraction/NER_IDCNN_CRF/train.log - INFO - Reading model parameters from /root/myPython/RelationExtraction/NER_IDCNN_CRF/ckpt_IDCNN/ner.ckpt
2018-03-20 09:41:09,540 - /root/myPython/RelationExtraction/NER_IDCNN_CRF/train.log - INFO - Reading model parameters from /root/myPython/RelationExtraction/NER_IDCNN_CRF/ckpt_IDCNN/ner.ckpt
2018-03-20 09:54:55,377 - /root/myPython/RelationExtraction/NER_IDCNN_CRF/train.log - INFO - Reading model parameters from /root/myPython/RelationExtraction/NER_IDCNN_CRF/ckpt_IDCNN/ner.ckpt
2018-03-20 09:55:00,247 - /root/myPython/RelationExtraction/NER_IDCNN_CRF/train.log - INFO - Reading model parameters from /root/myPython/RelationExtraction/NER_IDCNN_CRF/ckpt_IDCNN/ner.ckpt
2018-03-20 09:55:00,247 - /root/myPython/RelationExtraction/NER_IDCNN_CRF/train.log - INFO - Reading model parameters from /root/myPython/RelationExtraction/NER_IDCNN_CRF/ckpt_IDCNN/ner.ckpt
2018-03-20 10:03:43,825 - /root/myPython/RelationExtraction/NER_IDCNN_CRF/train.log - INFO - Reading model parameters from /root/myPython/RelationExtraction/NER_IDCNN_CRF/ckpt_IDCNN/ner.ckpt
2018-03-20 10:03:48,680 - /root/myPython/RelationExtraction/NER_IDCNN_CRF/train.log - INFO - Reading model parameters from /root/myPython/RelationExtraction/NER_IDCNN_CRF/ckpt_IDCNN/ner.ckpt
2018-03-20 10:03:48,680 - /root/myPython/RelationExtraction/NER_IDCNN_CRF/train.log - INFO - Reading model parameters from /root/myPython/RelationExtraction/NER_IDCNN_CRF/ckpt_IDCNN/ner.ckpt
2018-03-20 10:10:33,905 - /root/myPython/RelationExtraction/NER_IDCNN_CRF/train.log - INFO - Reading model parameters from /root/myPython/RelationExtraction/NER_IDCNN_CRF/ckpt_IDCNN/ner.ckpt
2018-03-20 10:10:38,646 - /root/myPython/RelationExtraction/NER_IDCNN_CRF/train.log - INFO - Reading model parameters from /root/myPython/RelationExtraction/NER_IDCNN_CRF/ckpt_IDCNN/ner.ckpt
2018-03-20 10:10:38,646 - /root/myPython/RelationExtraction/NER_IDCNN_CRF/train.log - INFO - Reading model parameters from /root/myPython/RelationExtraction/NER_IDCNN_CRF/ckpt_IDCNN/ner.ckpt
2018-03-20 10:10:43,344 - /root/myPython/RelationExtraction/NER_IDCNN_CRF/train.log - INFO - Reading model parameters from /root/myPython/RelationExtraction/NER_IDCNN_CRF/ckpt_IDCNN/ner.ckpt
2018-03-20 10:10:43,344 - /root/myPython/RelationExtraction/NER_IDCNN_CRF/train.log - INFO - Reading model parameters from /root/myPython/RelationExtraction/NER_IDCNN_CRF/ckpt_IDCNN/ner.ckpt
2018-03-20 10:10:43,344 - /root/myPython/RelationExtraction/NER_IDCNN_CRF/train.log - INFO - Reading model parameters from /root/myPython/RelationExtraction/NER_IDCNN_CRF/ckpt_IDCNN/ner.ckpt
2018-03-20 10:11:19,540 - /root/myPython/RelationExtraction/NER_IDCNN_CRF/train.log - INFO - Reading model parameters from /root/myPython/RelationExtraction/NER_IDCNN_CRF/ckpt_IDCNN/ner.ckpt
2018-03-20 10:11:24,161 - /root/myPython/RelationExtraction/NER_IDCNN_CRF/train.log - INFO - Reading model parameters from /root/myPython/RelationExtraction/NER_IDCNN_CRF/ckpt_IDCNN/ner.ckpt
2018-03-20 10:11:24,161 - /root/myPython/RelationExtraction/NER_IDCNN_CRF/train.log - INFO - Reading model parameters from /root/myPython/RelationExtraction/NER_IDCNN_CRF/ckpt_IDCNN/ner.ckpt
2018-03-20 10:11:28,840 - /root/myPython/RelationExtraction/NER_IDCNN_CRF/train.log - INFO - Reading model parameters from /root/myPython/RelationExtraction/NER_IDCNN_CRF/ckpt_IDCNN/ner.ckpt
2018-03-20 10:11:28,840 - /root/myPython/RelationExtraction/NER_IDCNN_CRF/train.log - INFO - Reading model parameters from /root/myPython/RelationExtraction/NER_IDCNN_CRF/ckpt_IDCNN/ner.ckpt
2018-03-20 10:11:28,840 - /root/myPython/RelationExtraction/NER_IDCNN_CRF/train.log - INFO - Reading model parameters from /root/myPython/RelationExtraction/NER_IDCNN_CRF/ckpt_IDCNN/ner.ckpt
2018-03-20 10:14:31,913 - /root/myPython/RelationExtraction/NER_IDCNN_CRF/train.log - INFO - Reading model parameters from /root/myPython/RelationExtraction/NER_IDCNN_CRF/ckpt_IDCNN/ner.ckpt
2018-03-20 10:16:18,428 - /root/myPython/RelationExtraction/NER_IDCNN_CRF/train.log - INFO - Reading model parameters from /root/myPython/RelationExtraction/NER_IDCNN_CRF/ckpt_IDCNN/ner.ckpt
2018-03-20 10:23:21,180 - /root/myPython/RelationExtraction/NER_IDCNN_CRF/train.log - INFO - Reading model parameters from /root/myPython/RelationExtraction/NER_IDCNN_CRF/ckpt_IDCNN/ner.ckpt
2018-03-20 10:33:03,491 - /root/myPython/RelationExtraction/NER_IDCNN_CRF/train.log - INFO - Reading model parameters from /root/myPython/RelationExtraction/NER_IDCNN_CRF/ckpt_IDCNN/ner.ckpt
2018-03-20 10:35:32,554 - /root/myPython/RelationExtraction/NER_IDCNN_CRF/train.log - INFO - Reading model parameters from /root/myPython/RelationExtraction/NER_IDCNN_CRF/ckpt_IDCNN/ner.ckpt
2018-03-20 10:44:39,031 - /root/myPython/RelationExtraction/NER_IDCNN_CRF/train.log - INFO - Reading model parameters from /root/myPython/RelationExtraction/NER_IDCNN_CRF/ckpt_IDCNN/ner.ckpt
2018-03-20 10:51:21,316 - /root/myPython/RelationExtraction/NER_IDCNN_CRF/train.log - INFO - Reading model parameters from /root/myPython/RelationExtraction/NER_IDCNN_CRF/ckpt_IDCNN/ner.ckpt
2018-03-20 10:52:05,494 - /root/myPython/RelationExtraction/NER_IDCNN_CRF/train.log - INFO - Reading model parameters from /root/myPython/RelationExtraction/NER_IDCNN_CRF/ckpt_IDCNN/ner.ckpt
2018-03-20 11:00:33,209 - /root/myPython/RelationExtraction/NER_IDCNN_CRF/train.log - INFO - Reading model parameters from /root/myPython/RelationExtraction/NER_IDCNN_CRF/ckpt_IDCNN/ner.ckpt
2018-03-20 11:01:56,020 - /root/myPython/RelationExtraction/NER_IDCNN_CRF/train.log - INFO - Reading model parameters from /root/myPython/RelationExtraction/NER_IDCNN_CRF/ckpt_IDCNN/ner.ckpt
2018-03-20 11:03:42,192 - /root/myPython/RelationExtraction/NER_IDCNN_CRF/train.log - INFO - Reading model parameters from /root/myPython/RelationExtraction/NER_IDCNN_CRF/ckpt_IDCNN/ner.ckpt
2018-03-20 11:06:09,536 - /root/myPython/RelationExtraction/NER_IDCNN_CRF/train.log - INFO - Reading model parameters from /root/myPython/RelationExtraction/NER_IDCNN_CRF/ckpt_IDCNN/ner.ckpt
2018-03-20 11:07:35,277 - /root/myPython/RelationExtraction/NER_IDCNN_CRF/train.log - INFO - Reading model parameters from /root/myPython/RelationExtraction/NER_IDCNN_CRF/ckpt_IDCNN/ner.ckpt
2018-03-20 13:04:42,581 - /root/myPython/RelationExtraction/NER_IDCNN_CRF/train.log - INFO - Reading model parameters from /root/myPython/RelationExtraction/NER_IDCNN_CRF/ckpt_IDCNN/ner.ckpt
2018-03-20 13:06:24,953 - /root/myPython/RelationExtraction/NER_IDCNN_CRF/train.log - INFO - Reading model parameters from /root/myPython/RelationExtraction/NER_IDCNN_CRF/ckpt_IDCNN/ner.ckpt
2018-03-20 13:08:58,656 - /root/myPython/RelationExtraction/NER_IDCNN_CRF/train.log - INFO - Reading model parameters from /root/myPython/RelationExtraction/NER_IDCNN_CRF/ckpt_IDCNN/ner.ckpt
2018-03-20 13:49:15,469 - /root/myPython/RelationExtraction/NER_IDCNN_CRF/train.log - INFO - Reading model parameters from /root/myPython/RelationExtraction/NER_IDCNN_CRF/ckpt_IDCNN/ner.ckpt
2018-03-20 13:49:52,663 - /root/myPython/RelationExtraction/NER_IDCNN_CRF/train.log - INFO - Reading model parameters from /root/myPython/RelationExtraction/NER_IDCNN_CRF/ckpt_IDCNN/ner.ckpt
2018-03-20 13:50:22,569 - /root/myPython/RelationExtraction/NER_IDCNN_CRF/train.log - INFO - Reading model parameters from /root/myPython/RelationExtraction/NER_IDCNN_CRF/ckpt_IDCNN/ner.ckpt
2018-03-20 13:53:33,559 - /root/myPython/RelationExtraction/NER_IDCNN_CRF/train.log - INFO - Reading model parameters from /root/myPython/RelationExtraction/NER_IDCNN_CRF/ckpt_IDCNN/ner.ckpt
2018-03-20 13:56:20,288 - /root/myPython/RelationExtraction/NER_IDCNN_CRF/train.log - INFO - Reading model parameters from /root/myPython/RelationExtraction/NER_IDCNN_CRF/ckpt_IDCNN/ner.ckpt
2018-03-20 13:56:56,330 - /root/myPython/RelationExtraction/NER_IDCNN_CRF/train.log - INFO - Reading model parameters from /root/myPython/RelationExtraction/NER_IDCNN_CRF/ckpt_IDCNN/ner.ckpt
2018-03-20 13:58:26,154 - /root/myPython/RelationExtraction/NER_IDCNN_CRF/train.log - INFO - Reading model parameters from /root/myPython/RelationExtraction/NER_IDCNN_CRF/ckpt_IDCNN/ner.ckpt
2018-03-20 14:12:18,127 - /root/myPython/RelationExtraction/NER_IDCNN_CRF/train.log - INFO - Reading model parameters from /root/myPython/RelationExtraction/NER_IDCNN_CRF/ckpt_IDCNN/ner.ckpt
2018-03-20 14:15:57,852 - /root/myPython/RelationExtraction/NER_IDCNN_CRF/train.log - INFO - Reading model parameters from /root/myPython/RelationExtraction/NER_IDCNN_CRF/ckpt_IDCNN/ner.ckpt
2018-03-20 14:34:41,671 - /root/myPython/RelationExtraction/NER_IDCNN_CRF/train.log - INFO - Reading model parameters from /root/myPython/RelationExtraction/NER_IDCNN_CRF/ckpt_IDCNN/ner.ckpt
2018-03-20 14:41:30,101 - /root/myPython/RelationExtraction/NER_IDCNN_CRF/train.log - INFO - Reading model parameters from /root/myPython/RelationExtraction/NER_IDCNN_CRF/ckpt_IDCNN/ner.ckpt
2018-03-20 15:06:42,099 - /root/myPython/RelationExtraction/NER_IDCNN_CRF/train.log - INFO - Reading model parameters from /root/myPython/RelationExtraction/NER_IDCNN_CRF/ckpt_IDCNN/ner.ckpt
2018-03-20 15:37:23,956 - /root/myPython/RelationExtraction/NER_IDCNN_CRF/train.log - INFO - Reading model parameters from /root/myPython/RelationExtraction/NER_IDCNN_CRF/ckpt_IDCNN/ner.ckpt
2018-03-20 15:39:36,342 - /root/myPython/RelationExtraction/NER_IDCNN_CRF/train.log - INFO - Reading model parameters from /root/myPython/RelationExtraction/NER_IDCNN_CRF/ckpt_IDCNN/ner.ckpt
2018-03-20 15:47:26,355 - /root/myPython/RelationExtraction/NER_IDCNN_CRF/train.log - INFO - Reading model parameters from /root/myPython/RelationExtraction/NER_IDCNN_CRF/ckpt_IDCNN/ner.ckpt
2018-03-20 15:50:46,346 - /root/myPython/RelationExtraction/NER_IDCNN_CRF/train.log - INFO - Reading model parameters from /root/myPython/RelationExtraction/NER_IDCNN_CRF/ckpt_IDCNN/ner.ckpt
2018-03-20 15:51:19,952 - /root/myPython/RelationExtraction/NER_IDCNN_CRF/train.log - INFO - Reading model parameters from /root/myPython/RelationExtraction/NER_IDCNN_CRF/ckpt_IDCNN/ner.ckpt
2018-03-20 15:53:39,553 - /root/myPython/RelationExtraction/NER_IDCNN_CRF/train.log - INFO - Reading model parameters from /root/myPython/RelationExtraction/NER_IDCNN_CRF/ckpt_IDCNN/ner.ckpt
2018-03-20 15:56:48,268 - /root/myPython/RelationExtraction/NER_IDCNN_CRF/train.log - INFO - Reading model parameters from /root/myPython/RelationExtraction/NER_IDCNN_CRF/ckpt_IDCNN/ner.ckpt
2018-03-20 16:01:28,232 - /root/myPython/RelationExtraction/NER_IDCNN_CRF/train.log - INFO - Reading model parameters from /root/myPython/RelationExtraction/NER_IDCNN_CRF/ckpt_IDCNN/ner.ckpt
2018-03-20 17:38:27,640 - /root/myPython/RelationExtraction/NER_IDCNN_CRF/train.log - INFO - Reading model parameters from /root/myPython/RelationExtraction/NER_IDCNN_CRF/ckpt_IDCNN/ner.ckpt
2018-03-20 18:19:25,438 - /root/myPython/RelationExtraction/NER_IDCNN_CRF/train.log - INFO - Reading model parameters from /root/myPython/RelationExtraction/NER_IDCNN_CRF/ckpt_IDCNN/ner.ckpt
2018-03-20 18:20:06,063 - /root/myPython/RelationExtraction/NER_IDCNN_CRF/train.log - INFO - Reading model parameters from /root/myPython/RelationExtraction/NER_IDCNN_CRF/ckpt_IDCNN/ner.ckpt
2018-03-20 18:21:41,323 - /root/myPython/RelationExtraction/NER_IDCNN_CRF/train.log - INFO - Reading model parameters from /root/myPython/RelationExtraction/NER_IDCNN_CRF/ckpt_IDCNN/ner.ckpt
2018-03-20 18:23:23,209 - /root/myPython/RelationExtraction/NER_IDCNN_CRF/train.log - INFO - Reading model parameters from /root/myPython/RelationExtraction/NER_IDCNN_CRF/ckpt_IDCNN/ner.ckpt
2018-03-21 09:08:32,963 - /root/myPython/RelationExtraction/NER_IDCNN_CRF/train.log - INFO - Reading model parameters from /root/myPython/RelationExtraction/NER_IDCNN_CRF/ckpt_IDCNN/ner.ckpt
2018-03-21 09:14:13,341 - /root/myPython/RelationExtraction/NER_IDCNN_CRF/train.log - INFO - Reading model parameters from /root/myPython/RelationExtraction/NER_IDCNN_CRF/ckpt_IDCNN/ner.ckpt
2018-03-21 10:54:39,590 - /root/myPython/RelationExtraction/NER_IDCNN_CRF/train.log - INFO - Reading model parameters from /root/myPython/RelationExtraction/NER_IDCNN_CRF/ckpt_IDCNN/ner.ckpt
2018-03-21 10:56:06,176 - /root/myPython/RelationExtraction/NER_IDCNN_CRF/train.log - INFO - Reading model parameters from /root/myPython/RelationExtraction/NER_IDCNN_CRF/ckpt_IDCNN/ner.ckpt
2018-03-21 11:04:57,448 - /root/myPython/RelationExtraction/NER_IDCNN_CRF/train.log - INFO - Reading model parameters from /root/myPython/RelationExtraction/NER_IDCNN_CRF/ckpt_IDCNN/ner.ckpt
2018-03-21 11:05:51,443 - /root/myPython/RelationExtraction/NER_IDCNN_CRF/train.log - INFO - Reading model parameters from /root/myPython/RelationExtraction/NER_IDCNN_CRF/ckpt_IDCNN/ner.ckpt
2018-03-21 11:13:37,456 - /root/myPython/RelationExtraction/NER_IDCNN_CRF/train.log - INFO - Reading model parameters from /root/myPython/RelationExtraction/NER_IDCNN_CRF/ckpt_IDCNN/ner.ckpt
2018-03-21 11:15:03,105 - /root/myPython/RelationExtraction/NER_IDCNN_CRF/train.log - INFO - Reading model parameters from /root/myPython/RelationExtraction/NER_IDCNN_CRF/ckpt_IDCNN/ner.ckpt
2018-03-21 11:15:40,858 - /root/myPython/RelationExtraction/NER_IDCNN_CRF/train.log - INFO - Reading model parameters from /root/myPython/RelationExtraction/NER_IDCNN_CRF/ckpt_IDCNN/ner.ckpt
2018-03-21 11:18:19,720 - /root/myPython/RelationExtraction/NER_IDCNN_CRF/train.log - INFO - Reading model parameters from /root/myPython/RelationExtraction/NER_IDCNN_CRF/ckpt_IDCNN/ner.ckpt
2018-03-21 11:19:16,880 - /root/myPython/RelationExtraction/NER_IDCNN_CRF/train.log - INFO - Reading model parameters from /root/myPython/RelationExtraction/NER_IDCNN_CRF/ckpt_IDCNN/ner.ckpt
2018-03-21 11:22:59,375 - /root/myPython/RelationExtraction/NER_IDCNN_CRF/train.log - INFO - Reading model parameters from /root/myPython/RelationExtraction/NER_IDCNN_CRF/ckpt_IDCNN/ner.ckpt
2018-03-21 11:26:20,826 - /root/myPython/RelationExtraction/NER_IDCNN_CRF/train.log - INFO - Reading model parameters from /root/myPython/RelationExtraction/NER_IDCNN_CRF/ckpt_IDCNN/ner.ckpt
2018-03-21 13:39:47,765 - /root/myPython/RelationExtraction/NER_IDCNN_CRF/train.log - INFO - Reading model parameters from /root/myPython/RelationExtraction/NER_IDCNN_CRF/ckpt_IDCNN/ner.ckpt
2018-03-21 13:40:58,892 - /root/myPython/RelationExtraction/NER_IDCNN_CRF/train.log - INFO - Reading model parameters from /root/myPython/RelationExtraction/NER_IDCNN_CRF/ckpt_IDCNN/ner.ckpt
2018-03-21 13:56:11,273 - /root/myPython/RelationExtraction/NER_IDCNN_CRF/train.log - INFO - Reading model parameters from /root/myPython/RelationExtraction/NER_IDCNN_CRF/ckpt_IDCNN/ner.ckpt
2018-03-21 13:57:20,691 - /root/myPython/RelationExtraction/NER_IDCNN_CRF/train.log - INFO - Reading model parameters from /root/myPython/RelationExtraction/NER_IDCNN_CRF/ckpt_IDCNN/ner.ckpt
2018-03-21 14:05:09,613 - /root/myPython/RelationExtraction/NER_IDCNN_CRF/train.log - INFO - Reading model parameters from /root/myPython/RelationExtraction/NER_IDCNN_CRF/ckpt_IDCNN/ner.ckpt
2018-03-21 14:05:41,359 - /root/myPython/RelationExtraction/NER_IDCNN_CRF/train.log - INFO - Reading model parameters from /root/myPython/RelationExtraction/NER_IDCNN_CRF/ckpt_IDCNN/ner.ckpt
2018-03-21 14:06:18,724 - /root/myPython/RelationExtraction/NER_IDCNN_CRF/train.log - INFO - Reading model parameters from /root/myPython/RelationExtraction/NER_IDCNN_CRF/ckpt_IDCNN/ner.ckpt
2018-03-21 14:16:10,469 - /root/myPython/RelationExtraction/NER_IDCNN_CRF/train.log - INFO - Reading model parameters from /root/myPython/RelationExtraction/NER_IDCNN_CRF/ckpt_IDCNN/ner.ckpt
2018-03-21 15:57:32,164 - /root/myPython/RelationExtraction/NER_IDCNN_CRF/train.log - INFO - Reading model parameters from /root/myPython/RelationExtraction/NER_IDCNN_CRF/ckpt_IDCNN/ner.ckpt
2018-03-21 15:58:11,418 - /root/myPython/RelationExtraction/NER_IDCNN_CRF/train.log - INFO - Reading model parameters from /root/myPython/RelationExtraction/NER_IDCNN_CRF/ckpt_IDCNN/ner.ckpt
2018-03-21 16:00:05,323 - /root/myPython/RelationExtraction/NER_IDCNN_CRF/train.log - INFO - Reading model parameters from /root/myPython/RelationExtraction/NER_IDCNN_CRF/ckpt_IDCNN/ner.ckpt
2018-03-21 16:10:04,958 - /root/myPython/RelationExtraction/NER_IDCNN_CRF/train.log - INFO - Reading model parameters from /root/myPython/RelationExtraction/NER_IDCNN_CRF/ckpt_IDCNN/ner.ckpt
2018-03-21 16:12:56,434 - /root/myPython/RelationExtraction/NER_IDCNN_CRF/train.log - INFO - Reading model parameters from /root/myPython/RelationExtraction/NER_IDCNN_CRF/ckpt_IDCNN/ner.ckpt
2018-03-21 16:14:26,936 - /root/myPython/RelationExtraction/NER_IDCNN_CRF/train.log - INFO - Reading model parameters from /root/myPython/RelationExtraction/NER_IDCNN_CRF/ckpt_IDCNN/ner.ckpt
2018-03-21 16:15:09,759 - /root/myPython/RelationExtraction/NER_IDCNN_CRF/train.log - INFO - Reading model parameters from /root/myPython/RelationExtraction/NER_IDCNN_CRF/ckpt_IDCNN/ner.ckpt
2018-03-21 16:16:49,624 - /root/myPython/RelationExtraction/NER_IDCNN_CRF/train.log - INFO - Reading model parameters from /root/myPython/RelationExtraction/NER_IDCNN_CRF/ckpt_IDCNN/ner.ckpt
2018-03-21 16:43:05,770 - /root/myPython/RelationExtraction/NER_IDCNN_CRF/train.log - INFO - Reading model parameters from /root/myPython/RelationExtraction/NER_IDCNN_CRF/ckpt_IDCNN/ner.ckpt
2018-03-21 16:44:58,562 - /root/myPython/RelationExtraction/NER_IDCNN_CRF/train.log - INFO - Reading model parameters from /root/myPython/RelationExtraction/NER_IDCNN_CRF/ckpt_IDCNN/ner.ckpt
2018-03-21 16:46:59,119 - /root/myPython/RelationExtraction/NER_IDCNN_CRF/train.log - INFO - Reading model parameters from /root/myPython/RelationExtraction/NER_IDCNN_CRF/ckpt_IDCNN/ner.ckpt
2018-03-21 16:49:07,658 - /root/myPython/RelationExtraction/NER_IDCNN_CRF/train.log - INFO - Reading model parameters from /root/myPython/RelationExtraction/NER_IDCNN_CRF/ckpt_IDCNN/ner.ckpt
2018-03-21 16:53:50,925 - /root/myPython/RelationExtraction/NER_IDCNN_CRF/train.log - INFO - Reading model parameters from /root/myPython/RelationExtraction/NER_IDCNN_CRF/ckpt_IDCNN/ner.ckpt
2018-03-21 16:55:45,633 - /root/myPython/RelationExtraction/NER_IDCNN_CRF/train.log - INFO - Reading model parameters from /root/myPython/RelationExtraction/NER_IDCNN_CRF/ckpt_IDCNN/ner.ckpt
2018-03-21 17:04:18,421 - /root/myPython/RelationExtraction/NER_IDCNN_CRF/train.log - INFO - Reading model parameters from /root/myPython/RelationExtraction/NER_IDCNN_CRF/ckpt_IDCNN/ner.ckpt
2018-03-21 17:25:32,924 - /root/myPython/RelationExtraction/NER_IDCNN_CRF/train.log - INFO - Reading model parameters from /root/myPython/RelationExtraction/NER_IDCNN_CRF/ckpt_IDCNN/ner.ckpt
2018-03-21 17:28:20,232 - /root/myPython/RelationExtraction/NER_IDCNN_CRF/train.log - INFO - Reading model parameters from /root/myPython/RelationExtraction/NER_IDCNN_CRF/ckpt_IDCNN/ner.ckpt
2018-03-21 17:30:29,008 - /root/myPython/RelationExtraction/NER_IDCNN_CRF/train.log - INFO - Reading model parameters from /root/myPython/RelationExtraction/NER_IDCNN_CRF/ckpt_IDCNN/ner.ckpt
2018-03-21 17:57:09,105 - /root/myPython/RelationExtraction/NER_IDCNN_CRF/train.log - INFO - Reading model parameters from /root/myPython/RelationExtraction/NER_IDCNN_CRF/ckpt_IDCNN/ner.ckpt
2018-03-21 18:10:22,554 - /root/myPython/RelationExtraction/NER_IDCNN_CRF/train.log - INFO - Reading model parameters from /root/myPython/RelationExtraction/NER_IDCNN_CRF/ckpt_IDCNN/ner.ckpt
2018-03-21 18:11:10,041 - /root/myPython/RelationExtraction/NER_IDCNN_CRF/train.log - INFO - Reading model parameters from /root/myPython/RelationExtraction/NER_IDCNN_CRF/ckpt_IDCNN/ner.ckpt
2018-03-21 18:12:15,282 - /root/myPython/RelationExtraction/NER_IDCNN_CRF/train.log - INFO - Reading model parameters from /root/myPython/RelationExtraction/NER_IDCNN_CRF/ckpt_IDCNN/ner.ckpt
2018-03-21 18:14:09,668 - /root/myPython/RelationExtraction/NER_IDCNN_CRF/train.log - INFO - Reading model parameters from /root/myPython/RelationExtraction/NER_IDCNN_CRF/ckpt_IDCNN/ner.ckpt
2018-03-22 15:55:20,823 - /root/myPython/RelationExtraction/NER_IDCNN_CRF/train.log - INFO - Reading model parameters from /root/myPython/RelationExtraction/NER_IDCNN_CRF/ckpt_IDCNN/ner.ckpt
2018-03-22 16:40:14,631 - /root/myPython/RelationExtraction/NER_IDCNN_CRF/train.log - INFO - Reading model parameters from /root/myPython/RelationExtraction/NER_IDCNN_CRF/ckpt_IDCNN/ner.ckpt
2018-03-23 10:33:01,728 - /root/myPython/RelationExtraction/NER_IDCNN_CRF/train.log - INFO - Reading model parameters from /root/myPython/RelationExtraction/NER_IDCNN_CRF/ckpt_IDCNN/ner.ckpt
2018-03-23 10:41:45,276 - /root/myPython/RelationExtraction/NER_IDCNN_CRF/train.log - INFO - Reading model parameters from /root/myPython/RelationExtraction/NER_IDCNN_CRF/ckpt_IDCNN/ner.ckpt
2018-03-23 10:47:41,539 - /root/myPython/RelationExtraction/NER_IDCNN_CRF/train.log - INFO - Reading model parameters from /root/myPython/RelationExtraction/NER_IDCNN_CRF/ckpt_IDCNN/ner.ckpt
2018-03-23 10:50:45,945 - /root/myPython/RelationExtraction/NER_IDCNN_CRF/train.log - INFO - Reading model parameters from /root/myPython/RelationExtraction/NER_IDCNN_CRF/ckpt_IDCNN/ner.ckpt
2018-03-23 10:59:09,412 - /root/myPython/RelationExtraction/NER_IDCNN_CRF/train.log - INFO - Reading model parameters from /root/myPython/RelationExtraction/NER_IDCNN_CRF/ckpt_IDCNN/ner.ckpt
2018-03-23 11:17:12,777 - /root/myPython/RelationExtraction/NER_IDCNN_CRF/train.log - INFO - Reading model parameters from /root/myPython/RelationExtraction/NER_IDCNN_CRF/ckpt_IDCNN/ner.ckpt
2018-03-23 11:20:08,898 - /root/myPython/RelationExtraction/NER_IDCNN_CRF/train.log - INFO - Reading model parameters from /root/myPython/RelationExtraction/NER_IDCNN_CRF/ckpt_IDCNN/ner.ckpt
2018-03-23 11:21:09,441 - /root/myPython/RelationExtraction/NER_IDCNN_CRF/train.log - INFO - Reading model parameters from /root/myPython/RelationExtraction/NER_IDCNN_CRF/ckpt_IDCNN/ner.ckpt
2018-03-23 11:28:47,960 - /root/myPython/RelationExtraction/NER_IDCNN_CRF/train.log - INFO - Reading model parameters from /root/myPython/RelationExtraction/NER_IDCNN_CRF/ckpt_IDCNN/ner.ckpt
2018-03-23 14:23:41,205 - /root/myPython/RelationExtraction/NER_IDCNN_CRF/train.log - INFO - Reading model parameters from /root/myPython/RelationExtraction/NER_IDCNN_CRF/ckpt_IDCNN/ner.ckpt
2018-03-23 14:24:56,728 - /root/myPython/RelationExtraction/NER_IDCNN_CRF/train.log - INFO - Reading model parameters from /root/myPython/RelationExtraction/NER_IDCNN_CRF/ckpt_IDCNN/ner.ckpt
2018-03-23 14:26:12,402 - /root/myPython/RelationExtraction/NER_IDCNN_CRF/train.log - INFO - Reading model parameters from /root/myPython/RelationExtraction/NER_IDCNN_CRF/ckpt_IDCNN/ner.ckpt
2018-03-23 14:53:37,697 - train.log - INFO - Reading model parameters from ckpt_IDCNN/ner.ckpt
2018-03-23 15:28:17,691 - /root/myPython/RelationExtraction/NER_IDCNN_CRF/train.log - INFO - Reading model parameters from /root/myPython/RelationExtraction/NER_IDCNN_CRF/ckpt_IDCNN/ner.ckpt
2018-03-23 16:23:34,369 - /root/myPython/RelationExtraction/NER_IDCNN_CRF/train.log - INFO - Reading model parameters from /root/myPython/RelationExtraction/NER_IDCNN_CRF/ckpt_IDCNN/ner.ckpt
2018-03-23 16:24:10,621 - /root/myPython/RelationExtraction/NER_IDCNN_CRF/train.log - INFO - Reading model parameters from /root/myPython/RelationExtraction/NER_IDCNN_CRF/ckpt_IDCNN/ner.ckpt
2018-03-23 16:24:14,047 - /root/myPython/RelationExtraction/NER_IDCNN_CRF/train.log - INFO - Reading model parameters from /root/myPython/RelationExtraction/NER_IDCNN_CRF/ckpt_IDCNN/ner.ckpt
2018-03-23 16:25:38,526 - /root/myPython/RelationExtraction/NER_IDCNN_CRF/train.log - INFO - Reading model parameters from /root/myPython/RelationExtraction/NER_IDCNN_CRF/ckpt_IDCNN/ner.ckpt
2018-03-23 16:25:41,937 - /root/myPython/RelationExtraction/NER_IDCNN_CRF/train.log - INFO - Reading model parameters from /root/myPython/RelationExtraction/NER_IDCNN_CRF/ckpt_IDCNN/ner.ckpt
2018-03-23 16:27:20,923 - /root/myPython/RelationExtraction/NER_IDCNN_CRF/train.log - INFO - Reading model parameters from /root/myPython/RelationExtraction/NER_IDCNN_CRF/ckpt_IDCNN/ner.ckpt
2018-03-23 16:27:24,332 - /root/myPython/RelationExtraction/NER_IDCNN_CRF/train.log - INFO - Reading model parameters from /root/myPython/RelationExtraction/NER_IDCNN_CRF/ckpt_IDCNN/ner.ckpt
2018-03-23 16:28:26,176 - /root/myPython/RelationExtraction/NER_IDCNN_CRF/train.log - INFO - Reading model parameters from /root/myPython/RelationExtraction/NER_IDCNN_CRF/ckpt_IDCNN/ner.ckpt
2018-03-23 16:30:58,719 - /root/myPython/RelationExtraction/NER_IDCNN_CRF/train.log - INFO - Reading model parameters from /root/myPython/RelationExtraction/NER_IDCNN_CRF/ckpt_IDCNN/ner.ckpt
2018-03-23 16:32:04,696 - /root/myPython/RelationExtraction/NER_IDCNN_CRF/train.log - INFO - Reading model parameters from /root/myPython/RelationExtraction/NER_IDCNN_CRF/ckpt_IDCNN/ner.ckpt
2018-03-23 16:36:07,810 - /root/myPython/RelationExtraction/NER_IDCNN_CRF/train.log - INFO - Reading model parameters from /root/myPython/RelationExtraction/NER_IDCNN_CRF/ckpt_IDCNN/ner.ckpt
2018-03-23 16:36:49,341 - /root/myPython/RelationExtraction/NER_IDCNN_CRF/train.log - INFO - Reading model parameters from /root/myPython/RelationExtraction/NER_IDCNN_CRF/ckpt_IDCNN/ner.ckpt
2018-03-23 16:41:30,635 - /root/myPython/RelationExtraction/NER_IDCNN_CRF/train.log - INFO - Reading model parameters from /root/myPython/RelationExtraction/NER_IDCNN_CRF/ckpt_IDCNN/ner.ckpt
2018-03-23 16:47:53,259 - /root/myPython/RelationExtraction/NER_IDCNN_CRF/train.log - INFO - Reading model parameters from /root/myPython/RelationExtraction/NER_IDCNN_CRF/ckpt_IDCNN/ner.ckpt
2018-03-23 16:49:45,170 - /root/myPython/RelationExtraction/NER_IDCNN_CRF/train.log - INFO - Reading model parameters from /root/myPython/RelationExtraction/NER_IDCNN_CRF/ckpt_IDCNN/ner.ckpt
2018-03-23 16:51:52,832 - /root/myPython/RelationExtraction/NER_IDCNN_CRF/train.log - INFO - Reading model parameters from /root/myPython/RelationExtraction/NER_IDCNN_CRF/ckpt_IDCNN/ner.ckpt
2018-03-23 16:51:56,245 - /root/myPython/RelationExtraction/NER_IDCNN_CRF/train.log - INFO - Reading model parameters from /root/myPython/RelationExtraction/NER_IDCNN_CRF/ckpt_IDCNN/ner.ckpt
2018-03-23 16:55:39,201 - /root/myPython/RelationExtraction/NER_IDCNN_CRF/train.log - INFO - Reading model parameters from /root/myPython/RelationExtraction/NER_IDCNN_CRF/ckpt_IDCNN/ner.ckpt
2018-03-23 16:55:42,594 - /root/myPython/RelationExtraction/NER_IDCNN_CRF/train.log - INFO - Reading model parameters from /root/myPython/RelationExtraction/NER_IDCNN_CRF/ckpt_IDCNN/ner.ckpt
2018-03-23 16:57:46,305 - /root/myPython/RelationExtraction/NER_IDCNN_CRF/train.log - INFO - Reading model parameters from /root/myPython/RelationExtraction/NER_IDCNN_CRF/ckpt_IDCNN/ner.ckpt
2018-03-23 16:57:49,969 - /root/myPython/RelationExtraction/NER_IDCNN_CRF/train.log - INFO - Reading model parameters from /root/myPython/RelationExtraction/NER_IDCNN_CRF/ckpt_IDCNN/ner.ckpt
2018-03-23 17:01:16,652 - /root/myPython/RelationExtraction/NER_IDCNN_CRF/train.log - INFO - Reading model parameters from /root/myPython/RelationExtraction/NER_IDCNN_CRF/ckpt_IDCNN/ner.ckpt
2018-03-23 17:01:24,549 - /root/myPython/RelationExtraction/NER_IDCNN_CRF/train.log - INFO - Reading model parameters from /root/myPython/RelationExtraction/NER_IDCNN_CRF/ckpt_IDCNN/ner.ckpt
2018-03-23 17:01:28,140 - /root/myPython/RelationExtraction/NER_IDCNN_CRF/train.log - INFO - Reading model parameters from /root/myPython/RelationExtraction/NER_IDCNN_CRF/ckpt_IDCNN/ner.ckpt
2018-03-23 17:02:45,522 - /root/myPython/RelationExtraction/NER_IDCNN_CRF/train.log - INFO - Reading model parameters from /root/myPython/RelationExtraction/NER_IDCNN_CRF/ckpt_IDCNN/ner.ckpt
2018-03-23 18:38:36,083 - /root/myPython/RelationExtraction/NER_IDCNN_CRF/train.log - INFO - Reading model parameters from /root/myPython/RelationExtraction/NER_IDCNN_CRF/ckpt_IDCNN/ner.ckpt
2018-03-24 10:23:53,382 - /root/myPython/RelationExtraction/NER_IDCNN_CRF/train.log - INFO - Reading model parameters from /root/myPython/RelationExtraction/NER_IDCNN_CRF/ckpt_IDCNN/ner.ckpt
2018-03-24 10:32:35,876 - /root/myPython/RelationExtraction/NER_IDCNN_CRF/train.log - INFO - Reading model parameters from /root/myPython/RelationExtraction/NER_IDCNN_CRF/ckpt_IDCNN/ner.ckpt
2018-03-24 10:56:09,847 - /root/myPython/RelationExtraction/NER_IDCNN_CRF/train.log - INFO - Reading model parameters from /root/myPython/RelationExtraction/NER_IDCNN_CRF/ckpt_IDCNN/ner.ckpt
2018-03-24 11:04:21,995 - /root/myPython/RelationExtraction/NER_IDCNN_CRF/train.log - INFO - Reading model parameters from /root/myPython/RelationExtraction/NER_IDCNN_CRF/ckpt_IDCNN/ner.ckpt
2018-03-24 11:19:50,196 - /root/myPython/RelationExtraction/NER_IDCNN_CRF/train.log - INFO - Reading model parameters from /root/myPython/RelationExtraction/NER_IDCNN_CRF/ckpt_IDCNN/ner.ckpt
2018-03-24 11:20:34,761 - /root/myPython/RelationExtraction/NER_IDCNN_CRF/train.log - INFO - Reading model parameters from /root/myPython/RelationExtraction/NER_IDCNN_CRF/ckpt_IDCNN/ner.ckpt
2018-03-24 11:23:38,650 - /root/myPython/RelationExtraction/NER_IDCNN_CRF/train.log - INFO - Reading model parameters from /root/myPython/RelationExtraction/NER_IDCNN_CRF/ckpt_IDCNN/ner.ckpt
2018-03-24 11:23:42,200 - /root/myPython/RelationExtraction/NER_IDCNN_CRF/train.log - INFO - Reading model parameters from /root/myPython/RelationExtraction/NER_IDCNN_CRF/ckpt_IDCNN/ner.ckpt
2018-03-24 11:25:19,509 - /root/myPython/RelationExtraction/NER_IDCNN_CRF/train.log - INFO - Reading model parameters from /root/myPython/RelationExtraction/NER_IDCNN_CRF/ckpt_IDCNN/ner.ckpt
2018-03-26 08:40:58,261 - /root/myPython/RelationExtraction/NER_IDCNN_CRF/train.log - INFO - Reading model parameters from /root/myPython/RelationExtraction/NER_IDCNN_CRF/ckpt_IDCNN/ner.ckpt
2018-03-26 08:44:56,738 - /root/myPython/RelationExtraction/NER_IDCNN_CRF/train.log - INFO - Reading model parameters from /root/myPython/RelationExtraction/NER_IDCNN_CRF/ckpt_IDCNN/ner.ckpt
2018-03-26 08:52:24,800 - /root/myPython/RelationExtraction/NER_IDCNN_CRF/train.log - INFO - Reading model parameters from /root/myPython/RelationExtraction/NER_IDCNN_CRF/ckpt_IDCNN/ner.ckpt
2018-03-26 08:54:59,292 - /root/myPython/RelationExtraction/NER_IDCNN_CRF/train.log - INFO - Reading model parameters from /root/myPython/RelationExtraction/NER_IDCNN_CRF/ckpt_IDCNN/ner.ckpt
2018-03-26 08:55:46,529 - /root/myPython/RelationExtraction/NER_IDCNN_CRF/train.log - INFO - Reading model parameters from /root/myPython/RelationExtraction/NER_IDCNN_CRF/ckpt_IDCNN/ner.ckpt
2018-03-26 09:02:11,770 - /root/myPython/RelationExtraction/NER_IDCNN_CRF/train.log - INFO - Reading model parameters from /root/myPython/RelationExtraction/NER_IDCNN_CRF/ckpt_IDCNN/per/ner.ckpt
2018-03-26 09:05:28,918 - /root/myPython/RelationExtraction/NER_IDCNN_CRF/train.log - INFO - Reading model parameters from /root/myPython/RelationExtraction/NER_IDCNN_CRF/ckpt_IDCNN/per/ner.ckpt
2018-03-26 09:22:24,626 - /root/myPython/RelationExtraction/NER_IDCNN_CRF/train.log - INFO - Reading model parameters from /root/myPython/RelationExtraction/NER_IDCNN_CRF/ckpt_IDCNN/per/ner.ckpt
2018-03-26 09:36:26,402 - train.log - INFO - Reading model parameters from ckpt_IDCNN/per/ner.ckpt
2018-03-26 09:52:24,482 - train.log - INFO - Created model with fresh parameters.
2018-03-26 09:52:25,937 - train.log - INFO - Load pre-trained embedding.
2018-03-26 10:33:23,793 - train.log - INFO - Reading model parameters from ckpt_IDCNN/numbers/ner.ckpt
2018-03-26 10:43:26,745 - train.log - INFO - Reading model parameters from ckpt_IDCNN/per/ner.ckpt
2018-03-26 10:47:10,841 - train.log - INFO - Reading model parameters from ckpt_IDCNN/numbers/ner.ckpt
2018-03-26 11:04:52,980 - train.log - INFO - Reading model parameters from ckpt_IDCNN/per/ner.ckpt
2018-03-26 11:05:36,252 - train.log - INFO - Reading model parameters from ckpt_IDCNN/per/ner.ckpt
2018-03-26 11:11:12,693 - train.log - INFO - Reading model parameters from ckpt_IDCNN/per/ner.ckpt
2018-03-26 11:13:15,613 - train.log - INFO - Reading model parameters from ckpt_IDCNN/per/ner.ckpt
2018-03-26 11:13:43,982 - /root/myPython/RelationExtraction/NER_IDCNN_CRF/train.log - INFO - Reading model parameters from /root/myPython/RelationExtraction/NER_IDCNN_CRF/ckpt_IDCNN/per/ner.ckpt
2018-03-26 11:23:47,880 - train.log - INFO - Reading model parameters from ckpt_IDCNN/per/ner.ckpt
2018-03-26 11:24:11,247 - train.log - INFO - Created model with fresh parameters.
2018-03-26 11:24:12,402 - train.log - INFO - Load pre-trained embedding.
2018-03-26 12:09:05,728 - train.log - INFO - Reading model parameters from ckpt_IDCNN/numbers/ner.ckpt
2018-03-26 12:11:56,695 - train.log - INFO - Reading model parameters from ckpt_IDCNN/per/ner.ckpt
2018-03-26 13:16:33,082 - train.log - INFO - Reading model parameters from ckpt_IDCNN/numbers/ner.ckpt
2018-03-26 13:16:54,824 - train.log - INFO - Reading model parameters from ckpt_IDCNN/per/ner.ckpt
2018-03-26 13:17:57,421 - train.log - INFO - Reading model parameters from ckpt_IDCNN/per/ner.ckpt
2018-03-26 13:18:12,257 - train.log - INFO - Reading model parameters from ckpt_IDCNN/numbers/ner.ckpt
2018-03-26 14:55:00,103 - train.log - INFO - Reading model parameters from ckpt_IDCNN/per/ner.ckpt
2018-03-26 15:58:15,352 - train.log - INFO - Reading model parameters from ckpt_IDCNN/numbers/ner.ckpt
2018-03-26 15:58:33,510 - train.log - INFO - Reading model parameters from ckpt_IDCNN/per/ner.ckpt
2018-03-26 16:23:13,596 - train.log - INFO - Reading model parameters from ckpt_IDCNN/numType/ner.ckpt
2018-03-26 16:26:34,951 - train.log - INFO - Reading model parameters from ckpt_IDCNN/per/ner.ckpt
2018-03-26 16:34:59,839 - /root/myPython/RelationExtraction/NER_IDCNN_CRF/train.log - INFO - Reading model parameters from /root/myPython/RelationExtraction/NER_IDCNN_CRF/ckpt_IDCNN/per/ner.ckpt
2018-03-26 17:10:29,418 - /root/myPython/RelationExtraction/NER_IDCNN_CRF/train.log - INFO - Reading model parameters from /root/myPython/RelationExtraction/NER_IDCNN_CRF/ckpt_IDCNN/per/ner.ckpt
2018-03-26 17:12:48,697 - train.log - INFO - Reading model parameters from ckpt_IDCNN/per/ner.ckpt
2018-03-26 17:16:08,368 - /root/myPython/RelationExtraction/NER_IDCNN_CRF/train.log - INFO - Reading model parameters from /root/myPython/RelationExtraction/NER_IDCNN_CRF/ckpt_IDCNN/per/ner.ckpt
2018-03-26 17:22:01,070 - /root/myPython/RelationExtraction/NER_IDCNN_CRF/train.log - INFO - Reading model parameters from /root/myPython/RelationExtraction/NER_IDCNN_CRF/ckpt_IDCNN/per/ner.ckpt
2018-03-26 17:39:58,553 - /root/myPython/RelationExtraction/NER_IDCNN_CRF/train.log - INFO - Reading model parameters from /root/myPython/RelationExtraction/NER_IDCNN_CRF/ckpt_IDCNN/per/ner.ckpt
2018-03-26 17:43:26,616 - /root/myPython/RelationExtraction/NER_IDCNN_CRF/train.log - INFO - Reading model parameters from /root/myPython/RelationExtraction/NER_IDCNN_CRF/ckpt_IDCNN/per/ner.ckpt
2018-03-26 17:52:40,148 - train.log - INFO - Reading model parameters from ckpt_IDCNN/per/ner.ckpt
2018-03-26 17:55:41,171 - train.log - INFO - Reading model parameters from ckpt_IDCNN/numType/ner.ckpt
2018-03-26 17:58:19,917 - /root/myPython/RelationExtraction/NER_IDCNN_CRF/train.log - INFO - Reading model parameters from /root/myPython/RelationExtraction/NER_IDCNN_CRF/ckpt_IDCNN/per/ner.ckpt
2018-03-26 17:59:29,140 - /root/myPython/RelationExtraction/NER_IDCNN_CRF/train.log - INFO - Reading model parameters from /root/myPython/RelationExtraction/NER_IDCNN_CRF/ckpt_IDCNN/per/ner.ckpt
2018-03-26 18:00:47,390 - /root/myPython/RelationExtraction/NER_IDCNN_CRF/train.log - INFO - Reading model parameters from /root/myPython/RelationExtraction/NER_IDCNN_CRF/ckpt_IDCNN/per/ner.ckpt
2018-03-26 18:01:25,705 - /root/myPython/RelationExtraction/NER_IDCNN_CRF/train.log - INFO - Reading model parameters from /root/myPython/RelationExtraction/NER_IDCNN_CRF/ckpt_IDCNN/per/ner.ckpt
2018-03-26 18:02:48,187 - /root/myPython/RelationExtraction/NER_IDCNN_CRF/train.log - INFO - Reading model parameters from /root/myPython/RelationExtraction/NER_IDCNN_CRF/ckpt_IDCNN/per/ner.ckpt
2018-03-26 18:03:40,130 - /root/myPython/RelationExtraction/NER_IDCNN_CRF/train.log - INFO - Reading model parameters from /root/myPython/RelationExtraction/NER_IDCNN_CRF/ckpt_IDCNN/per/ner.ckpt
2018-03-26 18:11:32,482 - /root/myPython/RelationExtraction/NER_IDCNN_CRF/train.log - INFO - Reading model parameters from /root/myPython/RelationExtraction/NER_IDCNN_CRF/ckpt_IDCNN/per/ner.ckpt
2018-03-26 18:30:04,956 - /root/myPython/RelationExtraction/NER_IDCNN_CRF/train.log - INFO - Reading model parameters from /root/myPython/RelationExtraction/NER_IDCNN_CRF/ckpt_IDCNN/per/ner.ckpt
2018-03-26 18:53:16,618 - /root/myPython/RelationExtraction/NER_IDCNN_CRF/train.log - INFO - Reading model parameters from /root/myPython/RelationExtraction/NER_IDCNN_CRF/ckpt_IDCNN/per/ner.ckpt
2018-03-26 19:09:14,001 - train.log - INFO - Reading model parameters from ckpt_IDCNN/per/ner.ckpt
2018-03-26 19:10:39,301 - train.log - INFO - Reading model parameters from ckpt_IDCNN/per/ner.ckpt
2018-03-26 19:15:50,721 - train.log - INFO - Reading model parameters from ckpt_IDCNN/per/ner.ckpt
2018-03-26 19:17:00,053 - train.log - INFO - Reading model parameters from ckpt_IDCNN/per/ner.ckpt
2018-03-26 19:22:41,416 - train.log - INFO - Reading model parameters from ckpt_IDCNN/per/ner.ckpt
2018-03-26 19:28:09,316 - train.log - INFO - Reading model parameters from ckpt_IDCNN/per/ner.ckpt
2018-03-26 19:32:36,518 - train.log - INFO - Reading model parameters from ckpt_IDCNN/numType/ner.ckpt
2018-03-26 19:33:43,424 - /root/myPython/RelationExtraction/NER_IDCNN_CRF/train.log - INFO - Reading model parameters from /root/myPython/RelationExtraction/NER_IDCNN_CRF/ckpt_IDCNN/per/ner.ckpt
2018-03-26 21:08:48,871 - /root/myPython/RelationExtraction/NER_IDCNN_CRF/train.log - INFO - Reading model parameters from /root/myPython/RelationExtraction/NER_IDCNN_CRF/ckpt_IDCNN/per/ner.ckpt
2018-03-26 21:13:15,758 - /root/myPython/RelationExtraction/NER_IDCNN_CRF/train.log - INFO - Reading model parameters from /root/myPython/RelationExtraction/NER_IDCNN_CRF/ckpt_IDCNN/per/ner.ckpt
2018-03-26 21:33:21,005 - /root/myPython/RelationExtraction/NER_IDCNN_CRF/train.log - INFO - Reading model parameters from /root/myPython/RelationExtraction/NER_IDCNN_CRF/ckpt_IDCNN/per/ner.ckpt
2018-03-26 21:41:50,907 - train.log - INFO - Reading model parameters from ckpt_IDCNN/per/ner.ckpt
2018-03-26 21:49:05,136 - train.log - INFO - Reading model parameters from ckpt_IDCNN/numType/ner.ckpt
2018-03-26 21:50:28,459 - /root/myPython/RelationExtraction/NER_IDCNN_CRF/train.log - INFO - Reading model parameters from /root/myPython/RelationExtraction/NER_IDCNN_CRF/ckpt_IDCNN/per/ner.ckpt
2018-03-26 21:52:26,734 - /root/myPython/RelationExtraction/NER_IDCNN_CRF/train.log - INFO - Reading model parameters from /root/myPython/RelationExtraction/NER_IDCNN_CRF/ckpt_IDCNN/per/ner.ckpt
2018-03-26 21:58:30,022 - /root/myPython/RelationExtraction/NER_IDCNN_CRF/train.log - INFO - Reading model parameters from /root/myPython/RelationExtraction/NER_IDCNN_CRF/ckpt_IDCNN/per/ner.ckpt
2018-03-26 22:16:34,672 - /root/myPython/RelationExtraction/NER_IDCNN_CRF/train.log - INFO - Reading model parameters from /root/myPython/RelationExtraction/NER_IDCNN_CRF/ckpt_IDCNN/per/ner.ckpt
2018-03-26 22:16:54,393 - /root/myPython/RelationExtraction/NER_IDCNN_CRF/train.log - INFO - Reading model parameters from /root/myPython/RelationExtraction/NER_IDCNN_CRF/ckpt_IDCNN/per/ner.ckpt
2018-03-26 22:16:56,612 - /root/myPython/RelationExtraction/NER_IDCNN_CRF/train.log - INFO - Reading model parameters from /root/myPython/RelationExtraction/NER_IDCNN_CRF/ckpt_IDCNN/numType/ner.ckpt
2018-03-26 22:16:56,612 - /root/myPython/RelationExtraction/NER_IDCNN_CRF/train.log - INFO - Reading model parameters from /root/myPython/RelationExtraction/NER_IDCNN_CRF/ckpt_IDCNN/numType/ner.ckpt
2018-03-26 22:28:40,098 - /root/myPython/RelationExtraction/NER_IDCNN_CRF/train.log - INFO - Reading model parameters from /root/myPython/RelationExtraction/NER_IDCNN_CRF/ckpt_IDCNN/per/ner.ckpt
2018-03-26 23:03:53,339 - train.log - INFO - Reading model parameters from ckpt_IDCNN/per/ner.ckpt
2018-03-26 23:09:38,460 - train.log - INFO - Reading model parameters from ckpt_IDCNN/numType/ner.ckpt
2018-03-26 23:10:30,688 - /root/myPython/RelationExtraction/NER_IDCNN_CRF/train.log - INFO - Reading model parameters from /root/myPython/RelationExtraction/NER_IDCNN_CRF/ckpt_IDCNN/per/ner.ckpt
2018-03-26 23:10:32,783 - /root/myPython/RelationExtraction/NER_IDCNN_CRF/train.log - INFO - Reading model parameters from /root/myPython/RelationExtraction/NER_IDCNN_CRF/ckpt_IDCNN/numType/ner.ckpt
2018-03-26 23:10:32,783 - /root/myPython/RelationExtraction/NER_IDCNN_CRF/train.log - INFO - Reading model parameters from /root/myPython/RelationExtraction/NER_IDCNN_CRF/ckpt_IDCNN/numType/ner.ckpt
2018-03-26 23:15:09,293 - /root/myPython/RelationExtraction/NER_IDCNN_CRF/train.log - INFO - Reading model parameters from /root/myPython/RelationExtraction/NER_IDCNN_CRF/ckpt_IDCNN/per/ner.ckpt
2018-03-26 23:15:11,503 - /root/myPython/RelationExtraction/NER_IDCNN_CRF/train.log - INFO - Reading model parameters from /root/myPython/RelationExtraction/NER_IDCNN_CRF/ckpt_IDCNN/numType/ner.ckpt
2018-03-26 23:15:11,503 - /root/myPython/RelationExtraction/NER_IDCNN_CRF/train.log - INFO - Reading model parameters from /root/myPython/RelationExtraction/NER_IDCNN_CRF/ckpt_IDCNN/numType/ner.ckpt
2018-03-26 23:17:30,059 - /root/myPython/RelationExtraction/NER_IDCNN_CRF/train.log - INFO - Reading model parameters from /root/myPython/RelationExtraction/NER_IDCNN_CRF/ckpt_IDCNN/per/ner.ckpt
2018-03-26 23:17:32,383 - /root/myPython/RelationExtraction/NER_IDCNN_CRF/train.log - INFO - Reading model parameters from /root/myPython/RelationExtraction/NER_IDCNN_CRF/ckpt_IDCNN/numType/ner.ckpt
2018-03-26 23:17:32,383 - /root/myPython/RelationExtraction/NER_IDCNN_CRF/train.log - INFO - Reading model parameters from /root/myPython/RelationExtraction/NER_IDCNN_CRF/ckpt_IDCNN/numType/ner.ckpt
2018-03-26 23:21:43,275 - /root/myPython/RelationExtraction/NER_IDCNN_CRF/train.log - INFO - Reading model parameters from /root/myPython/RelationExtraction/NER_IDCNN_CRF/ckpt_IDCNN/per/ner.ckpt
2018-03-26 23:21:45,478 - /root/myPython/RelationExtraction/NER_IDCNN_CRF/train.log - INFO - Reading model parameters from /root/myPython/RelationExtraction/NER_IDCNN_CRF/ckpt_IDCNN/numType/ner.ckpt
2018-03-26 23:21:45,478 - /root/myPython/RelationExtraction/NER_IDCNN_CRF/train.log - INFO - Reading model parameters from /root/myPython/RelationExtraction/NER_IDCNN_CRF/ckpt_IDCNN/numType/ner.ckpt
2018-03-26 23:23:54,298 - /root/myPython/RelationExtraction/NER_IDCNN_CRF/train.log - INFO - Reading model parameters from /root/myPython/RelationExtraction/NER_IDCNN_CRF/ckpt_IDCNN/per/ner.ckpt
2018-03-26 23:23:56,406 - /root/myPython/RelationExtraction/NER_IDCNN_CRF/train.log - INFO - Reading model parameters from /root/myPython/RelationExtraction/NER_IDCNN_CRF/ckpt_IDCNN/numType/ner.ckpt
2018-03-26 23:23:56,406 - /root/myPython/RelationExtraction/NER_IDCNN_CRF/train.log - INFO - Reading model parameters from /root/myPython/RelationExtraction/NER_IDCNN_CRF/ckpt_IDCNN/numType/ner.ckpt
2018-03-27 08:31:22,625 - /root/myPython/RelationExtraction/NER_IDCNN_CRF/train.log - INFO - Reading model parameters from /root/myPython/RelationExtraction/NER_IDCNN_CRF/ckpt_IDCNN/per/ner.ckpt
2018-03-27 08:31:26,741 - /root/myPython/RelationExtraction/NER_IDCNN_CRF/train.log - INFO - Reading model parameters from /root/myPython/RelationExtraction/NER_IDCNN_CRF/ckpt_IDCNN/numType/ner.ckpt
2018-03-27 08:31:26,741 - /root/myPython/RelationExtraction/NER_IDCNN_CRF/train.log - INFO - Reading model parameters from /root/myPython/RelationExtraction/NER_IDCNN_CRF/ckpt_IDCNN/numType/ner.ckpt
2018-03-27 08:55:44,308 - /root/myPython/RelationExtraction/NER_IDCNN_CRF/train.log - INFO - Reading model parameters from /root/myPython/RelationExtraction/NER_IDCNN_CRF/ckpt_IDCNN/per/ner.ckpt
2018-03-27 08:55:47,881 - /root/myPython/RelationExtraction/NER_IDCNN_CRF/train.log - INFO - Reading model parameters from /root/myPython/RelationExtraction/NER_IDCNN_CRF/ckpt_IDCNN/numType/ner.ckpt
2018-03-27 08:55:47,881 - /root/myPython/RelationExtraction/NER_IDCNN_CRF/train.log - INFO - Reading model parameters from /root/myPython/RelationExtraction/NER_IDCNN_CRF/ckpt_IDCNN/numType/ner.ckpt
2018-03-27 09:02:37,057 - /root/myPython/RelationExtraction/NER_IDCNN_CRF/train.log - INFO - Reading model parameters from /root/myPython/RelationExtraction/NER_IDCNN_CRF/ckpt_IDCNN/per/ner.ckpt
2018-03-27 09:02:38,614 - /root/myPython/RelationExtraction/NER_IDCNN_CRF/train.log - INFO - Reading model parameters from /root/myPython/RelationExtraction/NER_IDCNN_CRF/ckpt_IDCNN/numType/ner.ckpt
2018-03-27 09:02:38,614 - /root/myPython/RelationExtraction/NER_IDCNN_CRF/train.log - INFO - Reading model parameters from /root/myPython/RelationExtraction/NER_IDCNN_CRF/ckpt_IDCNN/numType/ner.ckpt
2018-03-27 09:07:53,904 - /root/myPython/RelationExtraction/NER_IDCNN_CRF/train.log - INFO - Reading model parameters from /root/myPython/RelationExtraction/NER_IDCNN_CRF/ckpt_IDCNN/per/ner.ckpt
2018-03-27 09:07:55,490 - /root/myPython/RelationExtraction/NER_IDCNN_CRF/train.log - INFO - Reading model parameters from /root/myPython/RelationExtraction/NER_IDCNN_CRF/ckpt_IDCNN/numType/ner.ckpt
2018-03-27 09:07:55,490 - /root/myPython/RelationExtraction/NER_IDCNN_CRF/train.log - INFO - Reading model parameters from /root/myPython/RelationExtraction/NER_IDCNN_CRF/ckpt_IDCNN/numType/ner.ckpt
2018-03-27 09:10:28,471 - /root/myPython/RelationExtraction/NER_IDCNN_CRF/train.log - INFO - Reading model parameters from /root/myPython/RelationExtraction/NER_IDCNN_CRF/ckpt_IDCNN/per/ner.ckpt
2018-03-27 09:10:30,010 - /root/myPython/RelationExtraction/NER_IDCNN_CRF/train.log - INFO - Reading model parameters from /root/myPython/RelationExtraction/NER_IDCNN_CRF/ckpt_IDCNN/numType/ner.ckpt
2018-03-27 09:10:30,010 - /root/myPython/RelationExtraction/NER_IDCNN_CRF/train.log - INFO - Reading model parameters from /root/myPython/RelationExtraction/NER_IDCNN_CRF/ckpt_IDCNN/numType/ner.ckpt
2018-03-27 09:11:52,237 - train.log - INFO - Reading model parameters from ckpt_IDCNN/per/ner.ckpt
2018-03-27 09:12:36,294 - train.log - INFO - Reading model parameters from ckpt_IDCNN/per/ner.ckpt
2018-03-27 09:14:26,325 - train.log - INFO - Reading model parameters from ckpt_IDCNN/per/ner.ckpt
2018-03-27 09:16:54,437 - train.log - INFO - Reading model parameters from ckpt_IDCNN/numType/ner.ckpt
2018-03-27 09:20:11,964 - train.log - INFO - Reading model parameters from ckpt_IDCNN/per/ner.ckpt
2018-03-27 09:21:35,333 - /root/myPython/RelationExtraction/NER_IDCNN_CRF/train.log - INFO - Reading model parameters from /root/myPython/RelationExtraction/NER_IDCNN_CRF/ckpt_IDCNN/per/ner.ckpt
2018-03-27 09:21:36,907 - /root/myPython/RelationExtraction/NER_IDCNN_CRF/train.log - INFO - Reading model parameters from /root/myPython/RelationExtraction/NER_IDCNN_CRF/ckpt_IDCNN/numType/ner.ckpt
2018-03-27 09:21:36,907 - /root/myPython/RelationExtraction/NER_IDCNN_CRF/train.log - INFO - Reading model parameters from /root/myPython/RelationExtraction/NER_IDCNN_CRF/ckpt_IDCNN/numType/ner.ckpt
2018-03-27 10:27:12,572 - /root/myPython/RelationExtraction/NER_IDCNN_CRF/train.log - INFO - Reading model parameters from /root/myPython/RelationExtraction/NER_IDCNN_CRF/ckpt_IDCNN/per/ner.ckpt
2018-03-27 10:27:14,188 - /root/myPython/RelationExtraction/NER_IDCNN_CRF/train.log - INFO - Reading model parameters from /root/myPython/RelationExtraction/NER_IDCNN_CRF/ckpt_IDCNN/numType/ner.ckpt
2018-03-27 10:27:14,188 - /root/myPython/RelationExtraction/NER_IDCNN_CRF/train.log - INFO - Reading model parameters from /root/myPython/RelationExtraction/NER_IDCNN_CRF/ckpt_IDCNN/numType/ner.ckpt
2018-03-27 10:44:40,168 - train.log - INFO - Reading model parameters from ckpt_IDCNN/per/ner.ckpt
